TN:
SF:main.ts
FN:8,(anonymous_0)
FN:24,(anonymous_1)
FN:32,(anonymous_2)
FN:43,(anonymous_3)
FN:54,(anonymous_4)
FN:65,(anonymous_5)
FN:77,(anonymous_6)
FN:87,(anonymous_7)
FN:92,(anonymous_9)
FN:111,(anonymous_10)
FN:120,(anonymous_11)
FN:131,(anonymous_12)
FN:142,(anonymous_13)
FN:146,(anonymous_14)
FN:166,(anonymous_15)
FN:187,(anonymous_16)
FN:193,(anonymous_17)
FN:213,(anonymous_19)
FN:220,(anonymous_20)
FN:241,(anonymous_21)
FN:250,(anonymous_22)
FN:258,(anonymous_23)
FN:266,(anonymous_24)
FN:279,(anonymous_26)
FN:288,(anonymous_28)
FN:293,(anonymous_29)
FN:302,(anonymous_30)
FN:305,(anonymous_31)
FN:305,(anonymous_32)
FNF:29
FNH:18
FNDA:35,(anonymous_0)
FNDA:2,(anonymous_1)
FNDA:0,(anonymous_2)
FNDA:1,(anonymous_3)
FNDA:1,(anonymous_4)
FNDA:0,(anonymous_5)
FNDA:3,(anonymous_6)
FNDA:0,(anonymous_7)
FNDA:0,(anonymous_9)
FNDA:0,(anonymous_10)
FNDA:0,(anonymous_11)
FNDA:19,(anonymous_12)
FNDA:4,(anonymous_13)
FNDA:4,(anonymous_14)
FNDA:4,(anonymous_15)
FNDA:4,(anonymous_16)
FNDA:7,(anonymous_17)
FNDA:4,(anonymous_19)
FNDA:10,(anonymous_20)
FNDA:28,(anonymous_21)
FNDA:67,(anonymous_22)
FNDA:1,(anonymous_23)
FNDA:1,(anonymous_24)
FNDA:1,(anonymous_26)
FNDA:0,(anonymous_28)
FNDA:0,(anonymous_29)
FNDA:0,(anonymous_30)
FNDA:0,(anonymous_31)
FNDA:0,(anonymous_32)
DA:1,1
DA:4,1
DA:9,35
DA:10,35
DA:19,35
DA:24,2
DA:33,0
DA:34,0
DA:44,1
DA:45,1
DA:55,1
DA:56,1
DA:66,0
DA:67,0
DA:68,0
DA:78,3
DA:79,3
DA:88,0
DA:89,0
DA:92,0
DA:93,0
DA:96,0
DA:98,0
DA:99,0
DA:103,0
DA:104,0
DA:105,0
DA:106,0
DA:111,0
DA:113,0
DA:114,0
DA:116,0
DA:117,0
DA:121,0
DA:128,0
DA:132,19
DA:135,19
DA:136,3
DA:139,19
DA:143,4
DA:147,4
DA:148,4
DA:151,4
DA:154,4
DA:155,2
DA:156,2
DA:157,2
DA:161,2
DA:162,2
DA:163,2
DA:167,4
DA:168,4
DA:169,4
DA:171,4
DA:173,4
DA:175,4
DA:176,4
DA:177,4
DA:179,0
DA:180,0
DA:181,0
DA:182,0
DA:188,4
DA:189,4
DA:190,4
DA:194,7
DA:195,2
DA:196,2
DA:197,2
DA:201,7
DA:203,7
DA:204,3
DA:206,4
DA:209,7
DA:210,7
DA:214,4
DA:215,4
DA:217,4
DA:221,10
DA:222,10
DA:224,9
DA:226,9
DA:227,7
DA:228,27
DA:229,7
DA:234,2
DA:235,1
DA:238,2
DA:242,28
DA:243,28
DA:246,28
DA:250,28
DA:251,67
DA:252,67
DA:255,28
DA:259,1
DA:260,1
DA:261,1
DA:262,1
DA:263,1
DA:267,1
DA:268,1
DA:276,1
DA:280,1
DA:281,1
DA:289,0
DA:290,0
DA:294,0
DA:295,0
DA:297,0
DA:299,0
DA:302,0
DA:305,0
DA:306,0
DA:307,0
DA:308,0
DA:311,0
DA:312,0
DA:313,0
DA:319,0
DA:320,0
LF:121
LH:78
BRDA:96,0,0,0
BRDA:96,1,0,0
BRDA:96,1,1,0
BRDA:104,2,0,0
BRDA:114,3,0,0
BRDA:114,3,1,0
BRDA:114,4,0,0
BRDA:114,4,1,0
BRDA:116,5,0,0
BRDA:135,6,0,3
BRDA:143,7,0,4
BRDA:143,7,1,0
BRDA:143,8,0,4
BRDA:143,8,1,3
BRDA:143,8,2,3
BRDA:154,9,0,2
BRDA:167,10,0,4
BRDA:167,10,1,0
BRDA:180,11,0,0
BRDA:194,12,0,2
BRDA:196,13,0,2
BRDA:203,14,0,3
BRDA:203,14,1,4
BRDA:222,15,0,1
BRDA:226,16,0,7
BRDA:226,17,0,9
BRDA:226,17,1,5
BRDA:228,18,0,7
BRDA:234,19,0,1
BRDA:234,20,0,2
BRDA:234,20,1,1
BRDA:246,21,0,28
BRDA:246,21,1,18
BRDA:251,22,0,0
BRDA:255,23,0,28
BRDA:255,23,1,11
BRDA:307,24,0,0
BRDA:307,25,0,0
BRDA:307,25,1,0
BRDA:311,26,0,0
BRF:40
BRH:23
end_of_record
