TN:
SF:main.ts
FN:19,(anonymous_0)
FN:34,(anonymous_1)
FN:42,(anonymous_2)
FN:53,(anonymous_3)
FN:64,(anonymous_4)
FN:75,(anonymous_5)
FN:87,(anonymous_6)
FN:97,(anonymous_7)
FN:102,(anonymous_9)
FN:121,(anonymous_10)
FN:130,(anonymous_11)
FN:141,(anonymous_12)
FN:145,(anonymous_13)
FN:165,(anonymous_14)
FN:185,(anonymous_15)
FN:208,(anonymous_17)
FN:214,(anonymous_18)
FN:235,(anonymous_19)
FN:242,(anonymous_20)
FN:250,(anonymous_21)
FN:255,(anonymous_22)
FN:263,(anonymous_24)
FN:267,(anonymous_26)
FN:273,(anonymous_28)
FN:281,(anonymous_29)
FN:286,(anonymous_30)
FN:295,(anonymous_31)
FN:298,(anonymous_32)
FN:298,(anonymous_33)
FNF:29
FNH:15
FNDA:26,(anonymous_0)
FNDA:2,(anonymous_1)
FNDA:0,(anonymous_2)
FNDA:1,(anonymous_3)
FNDA:2,(anonymous_4)
FNDA:1,(anonymous_5)
FNDA:5,(anonymous_6)
FNDA:0,(anonymous_7)
FNDA:0,(anonymous_9)
FNDA:0,(anonymous_10)
FNDA:0,(anonymous_11)
FNDA:4,(anonymous_12)
FNDA:4,(anonymous_13)
FNDA:5,(anonymous_14)
FNDA:10,(anonymous_15)
FNDA:4,(anonymous_17)
FNDA:14,(anonymous_18)
FNDA:48,(anonymous_19)
FNDA:117,(anonymous_20)
FNDA:0,(anonymous_21)
FNDA:1,(anonymous_22)
FNDA:0,(anonymous_24)
FNDA:0,(anonymous_26)
FNDA:0,(anonymous_28)
FNDA:0,(anonymous_29)
FNDA:0,(anonymous_30)
FNDA:0,(anonymous_31)
FNDA:0,(anonymous_32)
FNDA:0,(anonymous_33)
DA:1,1
DA:3,1
DA:5,1
DA:12,1
DA:20,26
DA:21,26
DA:22,26
DA:23,26
DA:26,26
DA:29,26
DA:34,2
DA:43,0
DA:44,0
DA:54,1
DA:55,1
DA:65,2
DA:66,2
DA:76,1
DA:77,1
DA:78,1
DA:88,5
DA:89,5
DA:98,0
DA:99,0
DA:102,0
DA:103,0
DA:106,0
DA:108,0
DA:109,0
DA:113,0
DA:114,0
DA:115,0
DA:116,0
DA:121,0
DA:123,0
DA:124,0
DA:126,0
DA:127,0
DA:131,0
DA:138,0
DA:142,4
DA:146,4
DA:147,4
DA:150,4
DA:153,4
DA:154,2
DA:155,2
DA:156,2
DA:160,2
DA:161,2
DA:162,2
DA:166,5
DA:167,4
DA:168,4
DA:170,4
DA:171,4
DA:173,4
DA:174,4
DA:175,4
DA:177,1
DA:178,1
DA:179,0
DA:180,0
DA:186,10
DA:187,3
DA:188,3
DA:189,3
DA:193,10
DA:195,10
DA:196,4
DA:198,6
DA:201,10
DA:202,10
DA:203,10
DA:204,10
DA:209,4
DA:210,4
DA:211,4
DA:215,14
DA:216,14
DA:218,14
DA:220,14
DA:221,11
DA:222,48
DA:223,11
DA:228,3
DA:229,2
DA:232,3
DA:236,48
DA:237,48
DA:239,48
DA:242,48
DA:243,117
DA:244,117
DA:247,48
DA:251,0
DA:252,0
DA:256,1
DA:257,1
DA:258,1
DA:260,1
DA:264,0
DA:268,0
DA:269,0
DA:270,0
DA:274,0
DA:282,0
DA:283,0
DA:287,0
DA:288,0
DA:290,0
DA:292,0
DA:295,0
DA:298,0
DA:299,0
DA:300,0
DA:301,0
LF:117
LH:77
BRDA:106,0,0,0
BRDA:106,1,0,0
BRDA:106,1,1,0
BRDA:114,2,0,0
BRDA:124,3,0,0
BRDA:124,3,1,0
BRDA:124,4,0,0
BRDA:124,4,1,0
BRDA:126,5,0,0
BRDA:142,6,0,4
BRDA:142,6,1,0
BRDA:142,7,0,4
BRDA:142,7,1,3
BRDA:142,7,2,3
BRDA:153,8,0,2
BRDA:166,9,0,4
BRDA:166,9,1,1
BRDA:178,10,0,0
BRDA:186,11,0,3
BRDA:188,12,0,3
BRDA:195,13,0,4
BRDA:195,13,1,6
BRDA:202,14,0,10
BRDA:216,15,0,0
BRDA:220,16,0,11
BRDA:220,17,0,14
BRDA:220,17,1,8
BRDA:222,18,0,11
BRDA:228,19,0,2
BRDA:228,20,0,3
BRDA:228,20,1,2
BRDA:239,21,0,48
BRDA:239,21,1,37
BRDA:243,22,0,0
BRDA:247,23,0,48
BRDA:247,23,1,16
BRDA:257,24,0,1
BRDA:258,25,0,1
BRDA:258,25,1,0
BRDA:300,26,0,0
BRDA:300,27,0,0
BRDA:300,27,1,0
BRF:42
BRH:25
end_of_record
